Change component parameters: Designator = "U2A"; Footprint = "SOT-23-5"; UniqueID = "\RRNTNQGC\ETTQMFBT"
Change component parameters. Clean all parameters for all variants
Change component parameters (AddParameter): Name = "Common Mode Rejection Ratio"; Value = "106dB"; VariantName = "[No Variations]"
Change component parameters (AddParameter): Name = "Description1"; Value = "IC OPAMP CHOPPER 350KHZ SOT23-5"; VariantName = "[No Variations]"
Change component parameters (AddParameter): Name = "Dual Supply Voltage (Max)"; Value = "±2.75V"; VariantName = "[No Variations]"
Change component parameters (AddParameter): Name = "Dual Supply Voltage (Min)"; Value = "±0.9V"; VariantName = "[No Variations]"
Change component parameters (AddParameter): Name = "Input Bias Current"; Value = "200pA"; VariantName = "[No Variations]"
Change component parameters (AddParameter): Name = "Input Offset Voltage"; Value = "10uV"; VariantName = "[No Variations]"
Change component parameters (AddParameter): Name = "Manufacturer"; Value = "Texas Instruments"; VariantName = "[No Variations]"
Change component parameters (AddParameter): Name = "Manufacturer Part Number"; Value = "OPA333AIDBVR"; VariantName = "[No Variations]"
Change component parameters (AddParameter): Name = "Mounting"; Value = "Surface Mount"; VariantName = "[No Variations]"
Change component parameters (AddParameter): Name = "Number of  Elements"; Value = "1"; VariantName = "[No Variations]"
Change component parameters (AddParameter): Name = "Operating Temperature Classification"; Value = "Automotive"; VariantName = "[No Variations]"
Change component parameters (AddParameter): Name = "Operating Temp Range"; Value = "-40C to 125C"; VariantName = "[No Variations]"
Change component parameters (AddParameter): Name = "Package Type"; Value = "SOT-23"; VariantName = "[No Variations]"
Change component parameters (AddParameter): Name = "Packaging"; Value = "Tape and Reel"; VariantName = "[No Variations]"
Change component parameters (AddParameter): Name = "Pin Count"; Value = "5"; VariantName = "[No Variations]"
Change component parameters (AddParameter): Name = "Power Supply Rejection Ratio"; Value = "120dB"; VariantName = "[No Variations]"
Change component parameters (AddParameter): Name = "Power Supply Requirement"; Value = "Single/Dual"; VariantName = "[No Variations]"
Change component parameters (AddParameter): Name = "Pricing 1"; Value = "1=2.54, 10=2.282, 100=1.8341, 500=1.5069, 1000=1.2486 (USD)"; VariantName = "[No Variations]"
Change component parameters (AddParameter): Name = "Rail/Rail I/O Type"; Value = "Rail to Rail Input/Output"; VariantName = "[No Variations]"
Change component parameters (AddParameter): Name = "Shut Down Feature"; Value = "No"; VariantName = "[No Variations]"
Change component parameters (AddParameter): Name = "Single Supply Voltage (Max)"; Value = "5.5V"; VariantName = "[No Variations]"
Change component parameters (AddParameter): Name = "Single Supply Voltage (Min)"; Value = "1.8V"; VariantName = "[No Variations]"
Change component parameters (AddParameter): Name = "Single Supply Voltage (Typ)"; Value = "3/5V"; VariantName = "[No Variations]"
Change component parameters (AddParameter): Name = "Slew Rate"; Value = "0.16V/us"; VariantName = "[No Variations]"
Change component parameters (AddParameter): Name = "Stock 1"; Value = "10811"; VariantName = "[No Variations]"
Change component parameters (AddParameter): Name = "Supplier 1"; Value = "Digi-Key"; VariantName = "[No Variations]"
Change component parameters (AddParameter): Name = "Supplier Part Number 1"; Value = "296-26269-1-ND"; VariantName = "[No Variations]"
Change component parameters (AddParameter): Name = "Technology"; Value = "CMOS"; VariantName = "[No Variations]"
Change component parameters (AddParameter): Name = "Type"; Value = "General Purpose Amplifier"; VariantName = "[No Variations]"
Change component parameters (AddParameter): Name = "Unity Gain Bandwidth Product"; Value = "0.35MHz"; VariantName = "[No Variations]"
Change component parameters (AddParameter): Name = "Voltage Gain in dB"; Value = "130dB"; VariantName = "[No Variations]"
Change component parameters: Designator = "U2B"; Footprint = "SOT-23-5"; UniqueID = "\XAHBKIWJ\ETTQMFBT"
Change component parameters. Clean all parameters for all variants
Change component parameters (AddParameter): Name = "Common Mode Rejection Ratio"; Value = "106dB"; VariantName = "[No Variations]"
Change component parameters (AddParameter): Name = "Description1"; Value = "IC OPAMP CHOPPER 350KHZ SOT23-5"; VariantName = "[No Variations]"
Change component parameters (AddParameter): Name = "Dual Supply Voltage (Max)"; Value = "±2.75V"; VariantName = "[No Variations]"
Change component parameters (AddParameter): Name = "Dual Supply Voltage (Min)"; Value = "±0.9V"; VariantName = "[No Variations]"
Change component parameters (AddParameter): Name = "Input Bias Current"; Value = "200pA"; VariantName = "[No Variations]"
Change component parameters (AddParameter): Name = "Input Offset Voltage"; Value = "10uV"; VariantName = "[No Variations]"
Change component parameters (AddParameter): Name = "Manufacturer"; Value = "Texas Instruments"; VariantName = "[No Variations]"
Change component parameters (AddParameter): Name = "Manufacturer Part Number"; Value = "OPA333AIDBVR"; VariantName = "[No Variations]"
Change component parameters (AddParameter): Name = "Mounting"; Value = "Surface Mount"; VariantName = "[No Variations]"
Change component parameters (AddParameter): Name = "Number of  Elements"; Value = "1"; VariantName = "[No Variations]"
Change component parameters (AddParameter): Name = "Operating Temperature Classification"; Value = "Automotive"; VariantName = "[No Variations]"
Change component parameters (AddParameter): Name = "Operating Temp Range"; Value = "-40C to 125C"; VariantName = "[No Variations]"
Change component parameters (AddParameter): Name = "Package Type"; Value = "SOT-23"; VariantName = "[No Variations]"
Change component parameters (AddParameter): Name = "Packaging"; Value = "Tape and Reel"; VariantName = "[No Variations]"
Change component parameters (AddParameter): Name = "Pin Count"; Value = "5"; VariantName = "[No Variations]"
Change component parameters (AddParameter): Name = "Power Supply Rejection Ratio"; Value = "120dB"; VariantName = "[No Variations]"
Change component parameters (AddParameter): Name = "Power Supply Requirement"; Value = "Single/Dual"; VariantName = "[No Variations]"
Change component parameters (AddParameter): Name = "Pricing 1"; Value = "1=2.54, 10=2.282, 100=1.8341, 500=1.5069, 1000=1.2486 (USD)"; VariantName = "[No Variations]"
Change component parameters (AddParameter): Name = "Rail/Rail I/O Type"; Value = "Rail to Rail Input/Output"; VariantName = "[No Variations]"
Change component parameters (AddParameter): Name = "Shut Down Feature"; Value = "No"; VariantName = "[No Variations]"
Change component parameters (AddParameter): Name = "Single Supply Voltage (Max)"; Value = "5.5V"; VariantName = "[No Variations]"
Change component parameters (AddParameter): Name = "Single Supply Voltage (Min)"; Value = "1.8V"; VariantName = "[No Variations]"
Change component parameters (AddParameter): Name = "Single Supply Voltage (Typ)"; Value = "3/5V"; VariantName = "[No Variations]"
Change component parameters (AddParameter): Name = "Slew Rate"; Value = "0.16V/us"; VariantName = "[No Variations]"
Change component parameters (AddParameter): Name = "Stock 1"; Value = "10811"; VariantName = "[No Variations]"
Change component parameters (AddParameter): Name = "Supplier 1"; Value = "Digi-Key"; VariantName = "[No Variations]"
Change component parameters (AddParameter): Name = "Supplier Part Number 1"; Value = "296-26269-1-ND"; VariantName = "[No Variations]"
Change component parameters (AddParameter): Name = "Technology"; Value = "CMOS"; VariantName = "[No Variations]"
Change component parameters (AddParameter): Name = "Type"; Value = "General Purpose Amplifier"; VariantName = "[No Variations]"
Change component parameters (AddParameter): Name = "Unity Gain Bandwidth Product"; Value = "0.35MHz"; VariantName = "[No Variations]"
Change component parameters (AddParameter): Name = "Voltage Gain in dB"; Value = "130dB"; VariantName = "[No Variations]"
Change component parameters: Designator = "U2C"; Footprint = "SOT-23-5"; UniqueID = "\DDOSHNDG\ETTQMFBT"
Change component parameters. Clean all parameters for all variants
Change component parameters (AddParameter): Name = "Common Mode Rejection Ratio"; Value = "106dB"; VariantName = "[No Variations]"
Change component parameters (AddParameter): Name = "Description1"; Value = "IC OPAMP CHOPPER 350KHZ SOT23-5"; VariantName = "[No Variations]"
Change component parameters (AddParameter): Name = "Dual Supply Voltage (Max)"; Value = "±2.75V"; VariantName = "[No Variations]"
Change component parameters (AddParameter): Name = "Dual Supply Voltage (Min)"; Value = "±0.9V"; VariantName = "[No Variations]"
Change component parameters (AddParameter): Name = "Input Bias Current"; Value = "200pA"; VariantName = "[No Variations]"
Change component parameters (AddParameter): Name = "Input Offset Voltage"; Value = "10uV"; VariantName = "[No Variations]"
Change component parameters (AddParameter): Name = "Manufacturer"; Value = "Texas Instruments"; VariantName = "[No Variations]"
Change component parameters (AddParameter): Name = "Manufacturer Part Number"; Value = "OPA333AIDBVR"; VariantName = "[No Variations]"
Change component parameters (AddParameter): Name = "Mounting"; Value = "Surface Mount"; VariantName = "[No Variations]"
Change component parameters (AddParameter): Name = "Number of  Elements"; Value = "1"; VariantName = "[No Variations]"
Change component parameters (AddParameter): Name = "Operating Temperature Classification"; Value = "Automotive"; VariantName = "[No Variations]"
Change component parameters (AddParameter): Name = "Operating Temp Range"; Value = "-40C to 125C"; VariantName = "[No Variations]"
Change component parameters (AddParameter): Name = "Package Type"; Value = "SOT-23"; VariantName = "[No Variations]"
Change component parameters (AddParameter): Name = "Packaging"; Value = "Tape and Reel"; VariantName = "[No Variations]"
Change component parameters (AddParameter): Name = "Pin Count"; Value = "5"; VariantName = "[No Variations]"
Change component parameters (AddParameter): Name = "Power Supply Rejection Ratio"; Value = "120dB"; VariantName = "[No Variations]"
Change component parameters (AddParameter): Name = "Power Supply Requirement"; Value = "Single/Dual"; VariantName = "[No Variations]"
Change component parameters (AddParameter): Name = "Pricing 1"; Value = "1=2.54, 10=2.282, 100=1.8341, 500=1.5069, 1000=1.2486 (USD)"; VariantName = "[No Variations]"
Change component parameters (AddParameter): Name = "Rail/Rail I/O Type"; Value = "Rail to Rail Input/Output"; VariantName = "[No Variations]"
Change component parameters (AddParameter): Name = "Shut Down Feature"; Value = "No"; VariantName = "[No Variations]"
Change component parameters (AddParameter): Name = "Single Supply Voltage (Max)"; Value = "5.5V"; VariantName = "[No Variations]"
Change component parameters (AddParameter): Name = "Single Supply Voltage (Min)"; Value = "1.8V"; VariantName = "[No Variations]"
Change component parameters (AddParameter): Name = "Single Supply Voltage (Typ)"; Value = "3/5V"; VariantName = "[No Variations]"
Change component parameters (AddParameter): Name = "Slew Rate"; Value = "0.16V/us"; VariantName = "[No Variations]"
Change component parameters (AddParameter): Name = "Stock 1"; Value = "10811"; VariantName = "[No Variations]"
Change component parameters (AddParameter): Name = "Supplier 1"; Value = "Digi-Key"; VariantName = "[No Variations]"
Change component parameters (AddParameter): Name = "Supplier Part Number 1"; Value = "296-26269-1-ND"; VariantName = "[No Variations]"
Change component parameters (AddParameter): Name = "Technology"; Value = "CMOS"; VariantName = "[No Variations]"
Change component parameters (AddParameter): Name = "Type"; Value = "General Purpose Amplifier"; VariantName = "[No Variations]"
Change component parameters (AddParameter): Name = "Unity Gain Bandwidth Product"; Value = "0.35MHz"; VariantName = "[No Variations]"
Change component parameters (AddParameter): Name = "Voltage Gain in dB"; Value = "130dB"; VariantName = "[No Variations]"
Change component parameters: Designator = "U2D"; Footprint = "SOT-23-5"; UniqueID = "\XIXKMFLD\ETTQMFBT"
Change component parameters. Clean all parameters for all variants
Change component parameters (AddParameter): Name = "Common Mode Rejection Ratio"; Value = "106dB"; VariantName = "[No Variations]"
Change component parameters (AddParameter): Name = "Description1"; Value = "IC OPAMP CHOPPER 350KHZ SOT23-5"; VariantName = "[No Variations]"
Change component parameters (AddParameter): Name = "Dual Supply Voltage (Max)"; Value = "±2.75V"; VariantName = "[No Variations]"
Change component parameters (AddParameter): Name = "Dual Supply Voltage (Min)"; Value = "±0.9V"; VariantName = "[No Variations]"
Change component parameters (AddParameter): Name = "Input Bias Current"; Value = "200pA"; VariantName = "[No Variations]"
Change component parameters (AddParameter): Name = "Input Offset Voltage"; Value = "10uV"; VariantName = "[No Variations]"
Change component parameters (AddParameter): Name = "Manufacturer"; Value = "Texas Instruments"; VariantName = "[No Variations]"
Change component parameters (AddParameter): Name = "Manufacturer Part Number"; Value = "OPA333AIDBVR"; VariantName = "[No Variations]"
Change component parameters (AddParameter): Name = "Mounting"; Value = "Surface Mount"; VariantName = "[No Variations]"
Change component parameters (AddParameter): Name = "Number of  Elements"; Value = "1"; VariantName = "[No Variations]"
Change component parameters (AddParameter): Name = "Operating Temperature Classification"; Value = "Automotive"; VariantName = "[No Variations]"
Change component parameters (AddParameter): Name = "Operating Temp Range"; Value = "-40C to 125C"; VariantName = "[No Variations]"
Change component parameters (AddParameter): Name = "Package Type"; Value = "SOT-23"; VariantName = "[No Variations]"
Change component parameters (AddParameter): Name = "Packaging"; Value = "Tape and Reel"; VariantName = "[No Variations]"
Change component parameters (AddParameter): Name = "Pin Count"; Value = "5"; VariantName = "[No Variations]"
Change component parameters (AddParameter): Name = "Power Supply Rejection Ratio"; Value = "120dB"; VariantName = "[No Variations]"
Change component parameters (AddParameter): Name = "Power Supply Requirement"; Value = "Single/Dual"; VariantName = "[No Variations]"
Change component parameters (AddParameter): Name = "Pricing 1"; Value = "1=2.54, 10=2.282, 100=1.8341, 500=1.5069, 1000=1.2486 (USD)"; VariantName = "[No Variations]"
Change component parameters (AddParameter): Name = "Rail/Rail I/O Type"; Value = "Rail to Rail Input/Output"; VariantName = "[No Variations]"
Change component parameters (AddParameter): Name = "Shut Down Feature"; Value = "No"; VariantName = "[No Variations]"
Change component parameters (AddParameter): Name = "Single Supply Voltage (Max)"; Value = "5.5V"; VariantName = "[No Variations]"
Change component parameters (AddParameter): Name = "Single Supply Voltage (Min)"; Value = "1.8V"; VariantName = "[No Variations]"
Change component parameters (AddParameter): Name = "Single Supply Voltage (Typ)"; Value = "3/5V"; VariantName = "[No Variations]"
Change component parameters (AddParameter): Name = "Slew Rate"; Value = "0.16V/us"; VariantName = "[No Variations]"
Change component parameters (AddParameter): Name = "Stock 1"; Value = "10811"; VariantName = "[No Variations]"
Change component parameters (AddParameter): Name = "Supplier 1"; Value = "Digi-Key"; VariantName = "[No Variations]"
Change component parameters (AddParameter): Name = "Supplier Part Number 1"; Value = "296-26269-1-ND"; VariantName = "[No Variations]"
Change component parameters (AddParameter): Name = "Technology"; Value = "CMOS"; VariantName = "[No Variations]"
Change component parameters (AddParameter): Name = "Type"; Value = "General Purpose Amplifier"; VariantName = "[No Variations]"
Change component parameters (AddParameter): Name = "Unity Gain Bandwidth Product"; Value = "0.35MHz"; VariantName = "[No Variations]"
Change component parameters (AddParameter): Name = "Voltage Gain in dB"; Value = "130dB"; VariantName = "[No Variations]"
Change component parameters: Designator = "U2E"; Footprint = "SOT-23-5"; UniqueID = "\EXJNFLVG\ETTQMFBT"
Change component parameters. Clean all parameters for all variants
Change component parameters (AddParameter): Name = "Common Mode Rejection Ratio"; Value = "106dB"; VariantName = "[No Variations]"
Change component parameters (AddParameter): Name = "Description1"; Value = "IC OPAMP CHOPPER 350KHZ SOT23-5"; VariantName = "[No Variations]"
Change component parameters (AddParameter): Name = "Dual Supply Voltage (Max)"; Value = "±2.75V"; VariantName = "[No Variations]"
Change component parameters (AddParameter): Name = "Dual Supply Voltage (Min)"; Value = "±0.9V"; VariantName = "[No Variations]"
Change component parameters (AddParameter): Name = "Input Bias Current"; Value = "200pA"; VariantName = "[No Variations]"
Change component parameters (AddParameter): Name = "Input Offset Voltage"; Value = "10uV"; VariantName = "[No Variations]"
Change component parameters (AddParameter): Name = "Manufacturer"; Value = "Texas Instruments"; VariantName = "[No Variations]"
Change component parameters (AddParameter): Name = "Manufacturer Part Number"; Value = "OPA333AIDBVR"; VariantName = "[No Variations]"
Change component parameters (AddParameter): Name = "Mounting"; Value = "Surface Mount"; VariantName = "[No Variations]"
Change component parameters (AddParameter): Name = "Number of  Elements"; Value = "1"; VariantName = "[No Variations]"
Change component parameters (AddParameter): Name = "Operating Temperature Classification"; Value = "Automotive"; VariantName = "[No Variations]"
Change component parameters (AddParameter): Name = "Operating Temp Range"; Value = "-40C to 125C"; VariantName = "[No Variations]"
Change component parameters (AddParameter): Name = "Package Type"; Value = "SOT-23"; VariantName = "[No Variations]"
Change component parameters (AddParameter): Name = "Packaging"; Value = "Tape and Reel"; VariantName = "[No Variations]"
Change component parameters (AddParameter): Name = "Pin Count"; Value = "5"; VariantName = "[No Variations]"
Change component parameters (AddParameter): Name = "Power Supply Rejection Ratio"; Value = "120dB"; VariantName = "[No Variations]"
Change component parameters (AddParameter): Name = "Power Supply Requirement"; Value = "Single/Dual"; VariantName = "[No Variations]"
Change component parameters (AddParameter): Name = "Pricing 1"; Value = "1=2.54, 10=2.282, 100=1.8341, 500=1.5069, 1000=1.2486 (USD)"; VariantName = "[No Variations]"
Change component parameters (AddParameter): Name = "Rail/Rail I/O Type"; Value = "Rail to Rail Input/Output"; VariantName = "[No Variations]"
Change component parameters (AddParameter): Name = "Shut Down Feature"; Value = "No"; VariantName = "[No Variations]"
Change component parameters (AddParameter): Name = "Single Supply Voltage (Max)"; Value = "5.5V"; VariantName = "[No Variations]"
Change component parameters (AddParameter): Name = "Single Supply Voltage (Min)"; Value = "1.8V"; VariantName = "[No Variations]"
Change component parameters (AddParameter): Name = "Single Supply Voltage (Typ)"; Value = "3/5V"; VariantName = "[No Variations]"
Change component parameters (AddParameter): Name = "Slew Rate"; Value = "0.16V/us"; VariantName = "[No Variations]"
Change component parameters (AddParameter): Name = "Stock 1"; Value = "10811"; VariantName = "[No Variations]"
Change component parameters (AddParameter): Name = "Supplier 1"; Value = "Digi-Key"; VariantName = "[No Variations]"
Change component parameters (AddParameter): Name = "Supplier Part Number 1"; Value = "296-26269-1-ND"; VariantName = "[No Variations]"
Change component parameters (AddParameter): Name = "Technology"; Value = "CMOS"; VariantName = "[No Variations]"
Change component parameters (AddParameter): Name = "Type"; Value = "General Purpose Amplifier"; VariantName = "[No Variations]"
Change component parameters (AddParameter): Name = "Unity Gain Bandwidth Product"; Value = "0.35MHz"; VariantName = "[No Variations]"
Change component parameters (AddParameter): Name = "Voltage Gain in dB"; Value = "130dB"; VariantName = "[No Variations]"
Change component parameters: Designator = "U3A"; Footprint = "SOT-23-5"; UniqueID = "\RRNTNQGC\OONQLTWD"
Change component parameters. Clean all parameters for all variants
Change component parameters (AddParameter): Name = "Common Mode Rejection Ratio"; Value = "106dB"; VariantName = "[No Variations]"
Change component parameters (AddParameter): Name = "Description1"; Value = "IC OPAMP CHOPPER 350KHZ SOT23-5"; VariantName = "[No Variations]"
Change component parameters (AddParameter): Name = "Dual Supply Voltage (Max)"; Value = "±2.75V"; VariantName = "[No Variations]"
Change component parameters (AddParameter): Name = "Dual Supply Voltage (Min)"; Value = "±0.9V"; VariantName = "[No Variations]"
Change component parameters (AddParameter): Name = "Input Bias Current"; Value = "200pA"; VariantName = "[No Variations]"
Change component parameters (AddParameter): Name = "Input Offset Voltage"; Value = "10uV"; VariantName = "[No Variations]"
Change component parameters (AddParameter): Name = "Manufacturer"; Value = "Texas Instruments"; VariantName = "[No Variations]"
Change component parameters (AddParameter): Name = "Manufacturer Part Number"; Value = "OPA333AIDBVR"; VariantName = "[No Variations]"
Change component parameters (AddParameter): Name = "Mounting"; Value = "Surface Mount"; VariantName = "[No Variations]"
Change component parameters (AddParameter): Name = "Number of  Elements"; Value = "1"; VariantName = "[No Variations]"
Change component parameters (AddParameter): Name = "Operating Temperature Classification"; Value = "Automotive"; VariantName = "[No Variations]"
Change component parameters (AddParameter): Name = "Operating Temp Range"; Value = "-40C to 125C"; VariantName = "[No Variations]"
Change component parameters (AddParameter): Name = "Package Type"; Value = "SOT-23"; VariantName = "[No Variations]"
Change component parameters (AddParameter): Name = "Packaging"; Value = "Tape and Reel"; VariantName = "[No Variations]"
Change component parameters (AddParameter): Name = "Pin Count"; Value = "5"; VariantName = "[No Variations]"
Change component parameters (AddParameter): Name = "Power Supply Rejection Ratio"; Value = "120dB"; VariantName = "[No Variations]"
Change component parameters (AddParameter): Name = "Power Supply Requirement"; Value = "Single/Dual"; VariantName = "[No Variations]"
Change component parameters (AddParameter): Name = "Pricing 1"; Value = "1=2.54, 10=2.282, 100=1.8341, 500=1.5069, 1000=1.2486 (USD)"; VariantName = "[No Variations]"
Change component parameters (AddParameter): Name = "Rail/Rail I/O Type"; Value = "Rail to Rail Input/Output"; VariantName = "[No Variations]"
Change component parameters (AddParameter): Name = "Shut Down Feature"; Value = "No"; VariantName = "[No Variations]"
Change component parameters (AddParameter): Name = "Single Supply Voltage (Max)"; Value = "5.5V"; VariantName = "[No Variations]"
Change component parameters (AddParameter): Name = "Single Supply Voltage (Min)"; Value = "1.8V"; VariantName = "[No Variations]"
Change component parameters (AddParameter): Name = "Single Supply Voltage (Typ)"; Value = "3/5V"; VariantName = "[No Variations]"
Change component parameters (AddParameter): Name = "Slew Rate"; Value = "0.16V/us"; VariantName = "[No Variations]"
Change component parameters (AddParameter): Name = "Stock 1"; Value = "10811"; VariantName = "[No Variations]"
Change component parameters (AddParameter): Name = "Supplier 1"; Value = "Digi-Key"; VariantName = "[No Variations]"
Change component parameters (AddParameter): Name = "Supplier Part Number 1"; Value = "296-26269-1-ND"; VariantName = "[No Variations]"
Change component parameters (AddParameter): Name = "Technology"; Value = "CMOS"; VariantName = "[No Variations]"
Change component parameters (AddParameter): Name = "Type"; Value = "General Purpose Amplifier"; VariantName = "[No Variations]"
Change component parameters (AddParameter): Name = "Unity Gain Bandwidth Product"; Value = "0.35MHz"; VariantName = "[No Variations]"
Change component parameters (AddParameter): Name = "Voltage Gain in dB"; Value = "130dB"; VariantName = "[No Variations]"
Change component parameters: Designator = "U3B"; Footprint = "SOT-23-5"; UniqueID = "\XAHBKIWJ\OONQLTWD"
Change component parameters. Clean all parameters for all variants
Change component parameters (AddParameter): Name = "Common Mode Rejection Ratio"; Value = "106dB"; VariantName = "[No Variations]"
Change component parameters (AddParameter): Name = "Description1"; Value = "IC OPAMP CHOPPER 350KHZ SOT23-5"; VariantName = "[No Variations]"
Change component parameters (AddParameter): Name = "Dual Supply Voltage (Max)"; Value = "±2.75V"; VariantName = "[No Variations]"
Change component parameters (AddParameter): Name = "Dual Supply Voltage (Min)"; Value = "±0.9V"; VariantName = "[No Variations]"
Change component parameters (AddParameter): Name = "Input Bias Current"; Value = "200pA"; VariantName = "[No Variations]"
Change component parameters (AddParameter): Name = "Input Offset Voltage"; Value = "10uV"; VariantName = "[No Variations]"
Change component parameters (AddParameter): Name = "Manufacturer"; Value = "Texas Instruments"; VariantName = "[No Variations]"
Change component parameters (AddParameter): Name = "Manufacturer Part Number"; Value = "OPA333AIDBVR"; VariantName = "[No Variations]"
Change component parameters (AddParameter): Name = "Mounting"; Value = "Surface Mount"; VariantName = "[No Variations]"
Change component parameters (AddParameter): Name = "Number of  Elements"; Value = "1"; VariantName = "[No Variations]"
Change component parameters (AddParameter): Name = "Operating Temperature Classification"; Value = "Automotive"; VariantName = "[No Variations]"
Change component parameters (AddParameter): Name = "Operating Temp Range"; Value = "-40C to 125C"; VariantName = "[No Variations]"
Change component parameters (AddParameter): Name = "Package Type"; Value = "SOT-23"; VariantName = "[No Variations]"
Change component parameters (AddParameter): Name = "Packaging"; Value = "Tape and Reel"; VariantName = "[No Variations]"
Change component parameters (AddParameter): Name = "Pin Count"; Value = "5"; VariantName = "[No Variations]"
Change component parameters (AddParameter): Name = "Power Supply Rejection Ratio"; Value = "120dB"; VariantName = "[No Variations]"
Change component parameters (AddParameter): Name = "Power Supply Requirement"; Value = "Single/Dual"; VariantName = "[No Variations]"
Change component parameters (AddParameter): Name = "Pricing 1"; Value = "1=2.54, 10=2.282, 100=1.8341, 500=1.5069, 1000=1.2486 (USD)"; VariantName = "[No Variations]"
Change component parameters (AddParameter): Name = "Rail/Rail I/O Type"; Value = "Rail to Rail Input/Output"; VariantName = "[No Variations]"
Change component parameters (AddParameter): Name = "Shut Down Feature"; Value = "No"; VariantName = "[No Variations]"
Change component parameters (AddParameter): Name = "Single Supply Voltage (Max)"; Value = "5.5V"; VariantName = "[No Variations]"
Change component parameters (AddParameter): Name = "Single Supply Voltage (Min)"; Value = "1.8V"; VariantName = "[No Variations]"
Change component parameters (AddParameter): Name = "Single Supply Voltage (Typ)"; Value = "3/5V"; VariantName = "[No Variations]"
Change component parameters (AddParameter): Name = "Slew Rate"; Value = "0.16V/us"; VariantName = "[No Variations]"
Change component parameters (AddParameter): Name = "Stock 1"; Value = "10811"; VariantName = "[No Variations]"
Change component parameters (AddParameter): Name = "Supplier 1"; Value = "Digi-Key"; VariantName = "[No Variations]"
Change component parameters (AddParameter): Name = "Supplier Part Number 1"; Value = "296-26269-1-ND"; VariantName = "[No Variations]"
Change component parameters (AddParameter): Name = "Technology"; Value = "CMOS"; VariantName = "[No Variations]"
Change component parameters (AddParameter): Name = "Type"; Value = "General Purpose Amplifier"; VariantName = "[No Variations]"
Change component parameters (AddParameter): Name = "Unity Gain Bandwidth Product"; Value = "0.35MHz"; VariantName = "[No Variations]"
Change component parameters (AddParameter): Name = "Voltage Gain in dB"; Value = "130dB"; VariantName = "[No Variations]"
Change component parameters: Designator = "U3C"; Footprint = "SOT-23-5"; UniqueID = "\DDOSHNDG\OONQLTWD"
Change component parameters. Clean all parameters for all variants
Change component parameters (AddParameter): Name = "Common Mode Rejection Ratio"; Value = "106dB"; VariantName = "[No Variations]"
Change component parameters (AddParameter): Name = "Description1"; Value = "IC OPAMP CHOPPER 350KHZ SOT23-5"; VariantName = "[No Variations]"
Change component parameters (AddParameter): Name = "Dual Supply Voltage (Max)"; Value = "±2.75V"; VariantName = "[No Variations]"
Change component parameters (AddParameter): Name = "Dual Supply Voltage (Min)"; Value = "±0.9V"; VariantName = "[No Variations]"
Change component parameters (AddParameter): Name = "Input Bias Current"; Value = "200pA"; VariantName = "[No Variations]"
Change component parameters (AddParameter): Name = "Input Offset Voltage"; Value = "10uV"; VariantName = "[No Variations]"
Change component parameters (AddParameter): Name = "Manufacturer"; Value = "Texas Instruments"; VariantName = "[No Variations]"
Change component parameters (AddParameter): Name = "Manufacturer Part Number"; Value = "OPA333AIDBVR"; VariantName = "[No Variations]"
Change component parameters (AddParameter): Name = "Mounting"; Value = "Surface Mount"; VariantName = "[No Variations]"
Change component parameters (AddParameter): Name = "Number of  Elements"; Value = "1"; VariantName = "[No Variations]"
Change component parameters (AddParameter): Name = "Operating Temperature Classification"; Value = "Automotive"; VariantName = "[No Variations]"
Change component parameters (AddParameter): Name = "Operating Temp Range"; Value = "-40C to 125C"; VariantName = "[No Variations]"
Change component parameters (AddParameter): Name = "Package Type"; Value = "SOT-23"; VariantName = "[No Variations]"
Change component parameters (AddParameter): Name = "Packaging"; Value = "Tape and Reel"; VariantName = "[No Variations]"
Change component parameters (AddParameter): Name = "Pin Count"; Value = "5"; VariantName = "[No Variations]"
Change component parameters (AddParameter): Name = "Power Supply Rejection Ratio"; Value = "120dB"; VariantName = "[No Variations]"
Change component parameters (AddParameter): Name = "Power Supply Requirement"; Value = "Single/Dual"; VariantName = "[No Variations]"
Change component parameters (AddParameter): Name = "Pricing 1"; Value = "1=2.54, 10=2.282, 100=1.8341, 500=1.5069, 1000=1.2486 (USD)"; VariantName = "[No Variations]"
Change component parameters (AddParameter): Name = "Rail/Rail I/O Type"; Value = "Rail to Rail Input/Output"; VariantName = "[No Variations]"
Change component parameters (AddParameter): Name = "Shut Down Feature"; Value = "No"; VariantName = "[No Variations]"
Change component parameters (AddParameter): Name = "Single Supply Voltage (Max)"; Value = "5.5V"; VariantName = "[No Variations]"
Change component parameters (AddParameter): Name = "Single Supply Voltage (Min)"; Value = "1.8V"; VariantName = "[No Variations]"
Change component parameters (AddParameter): Name = "Single Supply Voltage (Typ)"; Value = "3/5V"; VariantName = "[No Variations]"
Change component parameters (AddParameter): Name = "Slew Rate"; Value = "0.16V/us"; VariantName = "[No Variations]"
Change component parameters (AddParameter): Name = "Stock 1"; Value = "10811"; VariantName = "[No Variations]"
Change component parameters (AddParameter): Name = "Supplier 1"; Value = "Digi-Key"; VariantName = "[No Variations]"
Change component parameters (AddParameter): Name = "Supplier Part Number 1"; Value = "296-26269-1-ND"; VariantName = "[No Variations]"
Change component parameters (AddParameter): Name = "Technology"; Value = "CMOS"; VariantName = "[No Variations]"
Change component parameters (AddParameter): Name = "Type"; Value = "General Purpose Amplifier"; VariantName = "[No Variations]"
Change component parameters (AddParameter): Name = "Unity Gain Bandwidth Product"; Value = "0.35MHz"; VariantName = "[No Variations]"
Change component parameters (AddParameter): Name = "Voltage Gain in dB"; Value = "130dB"; VariantName = "[No Variations]"
Change component parameters: Designator = "U3D"; Footprint = "SOT-23-5"; UniqueID = "\XIXKMFLD\OONQLTWD"
Change component parameters. Clean all parameters for all variants
Change component parameters (AddParameter): Name = "Common Mode Rejection Ratio"; Value = "106dB"; VariantName = "[No Variations]"
Change component parameters (AddParameter): Name = "Description1"; Value = "IC OPAMP CHOPPER 350KHZ SOT23-5"; VariantName = "[No Variations]"
Change component parameters (AddParameter): Name = "Dual Supply Voltage (Max)"; Value = "±2.75V"; VariantName = "[No Variations]"
Change component parameters (AddParameter): Name = "Dual Supply Voltage (Min)"; Value = "±0.9V"; VariantName = "[No Variations]"
Change component parameters (AddParameter): Name = "Input Bias Current"; Value = "200pA"; VariantName = "[No Variations]"
Change component parameters (AddParameter): Name = "Input Offset Voltage"; Value = "10uV"; VariantName = "[No Variations]"
Change component parameters (AddParameter): Name = "Manufacturer"; Value = "Texas Instruments"; VariantName = "[No Variations]"
Change component parameters (AddParameter): Name = "Manufacturer Part Number"; Value = "OPA333AIDBVR"; VariantName = "[No Variations]"
Change component parameters (AddParameter): Name = "Mounting"; Value = "Surface Mount"; VariantName = "[No Variations]"
Change component parameters (AddParameter): Name = "Number of  Elements"; Value = "1"; VariantName = "[No Variations]"
Change component parameters (AddParameter): Name = "Operating Temperature Classification"; Value = "Automotive"; VariantName = "[No Variations]"
Change component parameters (AddParameter): Name = "Operating Temp Range"; Value = "-40C to 125C"; VariantName = "[No Variations]"
Change component parameters (AddParameter): Name = "Package Type"; Value = "SOT-23"; VariantName = "[No Variations]"
Change component parameters (AddParameter): Name = "Packaging"; Value = "Tape and Reel"; VariantName = "[No Variations]"
Change component parameters (AddParameter): Name = "Pin Count"; Value = "5"; VariantName = "[No Variations]"
Change component parameters (AddParameter): Name = "Power Supply Rejection Ratio"; Value = "120dB"; VariantName = "[No Variations]"
Change component parameters (AddParameter): Name = "Power Supply Requirement"; Value = "Single/Dual"; VariantName = "[No Variations]"
Change component parameters (AddParameter): Name = "Pricing 1"; Value = "1=2.54, 10=2.282, 100=1.8341, 500=1.5069, 1000=1.2486 (USD)"; VariantName = "[No Variations]"
Change component parameters (AddParameter): Name = "Rail/Rail I/O Type"; Value = "Rail to Rail Input/Output"; VariantName = "[No Variations]"
Change component parameters (AddParameter): Name = "Shut Down Feature"; Value = "No"; VariantName = "[No Variations]"
Change component parameters (AddParameter): Name = "Single Supply Voltage (Max)"; Value = "5.5V"; VariantName = "[No Variations]"
Change component parameters (AddParameter): Name = "Single Supply Voltage (Min)"; Value = "1.8V"; VariantName = "[No Variations]"
Change component parameters (AddParameter): Name = "Single Supply Voltage (Typ)"; Value = "3/5V"; VariantName = "[No Variations]"
Change component parameters (AddParameter): Name = "Slew Rate"; Value = "0.16V/us"; VariantName = "[No Variations]"
Change component parameters (AddParameter): Name = "Stock 1"; Value = "10811"; VariantName = "[No Variations]"
Change component parameters (AddParameter): Name = "Supplier 1"; Value = "Digi-Key"; VariantName = "[No Variations]"
Change component parameters (AddParameter): Name = "Supplier Part Number 1"; Value = "296-26269-1-ND"; VariantName = "[No Variations]"
Change component parameters (AddParameter): Name = "Technology"; Value = "CMOS"; VariantName = "[No Variations]"
Change component parameters (AddParameter): Name = "Type"; Value = "General Purpose Amplifier"; VariantName = "[No Variations]"
Change component parameters (AddParameter): Name = "Unity Gain Bandwidth Product"; Value = "0.35MHz"; VariantName = "[No Variations]"
Change component parameters (AddParameter): Name = "Voltage Gain in dB"; Value = "130dB"; VariantName = "[No Variations]"
Change component parameters: Designator = "U3E"; Footprint = "SOT-23-5"; UniqueID = "\EXJNFLVG\OONQLTWD"
Change component parameters. Clean all parameters for all variants
Change component parameters (AddParameter): Name = "Common Mode Rejection Ratio"; Value = "106dB"; VariantName = "[No Variations]"
Change component parameters (AddParameter): Name = "Description1"; Value = "IC OPAMP CHOPPER 350KHZ SOT23-5"; VariantName = "[No Variations]"
Change component parameters (AddParameter): Name = "Dual Supply Voltage (Max)"; Value = "±2.75V"; VariantName = "[No Variations]"
Change component parameters (AddParameter): Name = "Dual Supply Voltage (Min)"; Value = "±0.9V"; VariantName = "[No Variations]"
Change component parameters (AddParameter): Name = "Input Bias Current"; Value = "200pA"; VariantName = "[No Variations]"
Change component parameters (AddParameter): Name = "Input Offset Voltage"; Value = "10uV"; VariantName = "[No Variations]"
Change component parameters (AddParameter): Name = "Manufacturer"; Value = "Texas Instruments"; VariantName = "[No Variations]"
Change component parameters (AddParameter): Name = "Manufacturer Part Number"; Value = "OPA333AIDBVR"; VariantName = "[No Variations]"
Change component parameters (AddParameter): Name = "Mounting"; Value = "Surface Mount"; VariantName = "[No Variations]"
Change component parameters (AddParameter): Name = "Number of  Elements"; Value = "1"; VariantName = "[No Variations]"
Change component parameters (AddParameter): Name = "Operating Temperature Classification"; Value = "Automotive"; VariantName = "[No Variations]"
Change component parameters (AddParameter): Name = "Operating Temp Range"; Value = "-40C to 125C"; VariantName = "[No Variations]"
Change component parameters (AddParameter): Name = "Package Type"; Value = "SOT-23"; VariantName = "[No Variations]"
Change component parameters (AddParameter): Name = "Packaging"; Value = "Tape and Reel"; VariantName = "[No Variations]"
Change component parameters (AddParameter): Name = "Pin Count"; Value = "5"; VariantName = "[No Variations]"
Change component parameters (AddParameter): Name = "Power Supply Rejection Ratio"; Value = "120dB"; VariantName = "[No Variations]"
Change component parameters (AddParameter): Name = "Power Supply Requirement"; Value = "Single/Dual"; VariantName = "[No Variations]"
Change component parameters (AddParameter): Name = "Pricing 1"; Value = "1=2.54, 10=2.282, 100=1.8341, 500=1.5069, 1000=1.2486 (USD)"; VariantName = "[No Variations]"
Change component parameters (AddParameter): Name = "Rail/Rail I/O Type"; Value = "Rail to Rail Input/Output"; VariantName = "[No Variations]"
Change component parameters (AddParameter): Name = "Shut Down Feature"; Value = "No"; VariantName = "[No Variations]"
Change component parameters (AddParameter): Name = "Single Supply Voltage (Max)"; Value = "5.5V"; VariantName = "[No Variations]"
Change component parameters (AddParameter): Name = "Single Supply Voltage (Min)"; Value = "1.8V"; VariantName = "[No Variations]"
Change component parameters (AddParameter): Name = "Single Supply Voltage (Typ)"; Value = "3/5V"; VariantName = "[No Variations]"
Change component parameters (AddParameter): Name = "Slew Rate"; Value = "0.16V/us"; VariantName = "[No Variations]"
Change component parameters (AddParameter): Name = "Stock 1"; Value = "10811"; VariantName = "[No Variations]"
Change component parameters (AddParameter): Name = "Supplier 1"; Value = "Digi-Key"; VariantName = "[No Variations]"
Change component parameters (AddParameter): Name = "Supplier Part Number 1"; Value = "296-26269-1-ND"; VariantName = "[No Variations]"
Change component parameters (AddParameter): Name = "Technology"; Value = "CMOS"; VariantName = "[No Variations]"
Change component parameters (AddParameter): Name = "Type"; Value = "General Purpose Amplifier"; VariantName = "[No Variations]"
Change component parameters (AddParameter): Name = "Unity Gain Bandwidth Product"; Value = "0.35MHz"; VariantName = "[No Variations]"
Change component parameters (AddParameter): Name = "Voltage Gain in dB"; Value = "130dB"; VariantName = "[No Variations]"
Added Pin To Net: NetName=AGND Pin=J2-8
Added Pin To Net: NetName=AGND Pin=J2-9
Added Pin To Net: NetName=AGND Pin=J2-18
Added Pin To Net: NetName=AGND Pin=J2-20
Added Pin To Net: NetName=AGND Pin=J2-22
Added Pin To Net: NetName=AGND Pin=J2-24
Added Pin To Net: NetName=AGND Pin=J2-29
Added Pin To Net: NetName=AGND Pin=J2-31
Added Pin To Net: NetName=AGND Pin=J2-34
Added Pin To Net: NetName=AGND Pin=J2-60
Added Pin To Net: NetName=AGND Pin=J2-63
Added Pin To Net: NetName=AGND Pin=J2-65
Added Pin To Net: NetName=AGND Pin=J2-68
